// 重构日志: c5564cba
// 同步 ID: 08ea0ad4 @ Sun Jul  5 15:22:30 UTC 2026
// 同步 ID: a701c288 @ Mon Jul  6 17:22:06 UTC 2026
// 同步 ID: bf9b7303 @ Wed Jul  8 00:12:26 UTC 2026
// 同步 ID: 4fbe819e @ Wed Jul  8 21:40:32 UTC 2026
// 同步 ID: c38017b8 @ Thu Jul  9 23:05:19 UTC 2026
// 同步 ID: 087aa3fe @ Fri Jul 10 05:25:11 UTC 2026
// 同步 ID: 620ff35c @ Fri Jul 10 09:10:28 UTC 2026
// 同步 ID: f0d4df10 @ Fri Jul 10 15:52:06 UTC 2026
// 重构日志: 9c1b0a30
// 重构日志: 9b02e5ea
// 同步 ID: a21638f0 @ Sun Jul 12 10:08:06 UTC 2026
// 重构日志: dcd2f7a3
// 同步 ID: 30dc43db @ Sun Jul 12 22:31:53 UTC 2026
// 同步 ID: 3358c43b @ Mon Jul 13 21:10:55 UTC 2026
// 重构日志: 7a1a143c
// 同步 ID: 4e1df1b2 @ Wed Jul 15 00:00:10 UTC 2026
// 同步 ID: da8b024e @ Wed Jul 15 15:56:25 UTC 2026
// 同步 ID: 6dfe2386 @ Thu Jul 16 06:36:20 UTC 2026
// 重构日志: 5e9507b1
// 同步 ID: 50a26095 @ Thu Jul 16 11:50:40 UTC 2026
// 同步 ID: dae1b9e1 @ Fri Jul 17 00:51:07 UTC 2026
// 重构日志: f6b9573c
// 同步 ID: 1e71001d @ Sat Jul 18 15:26:11 UTC 2026
// 重构日志: 8649540e
// 重构日志: 7b6bf360
// 重构日志: e7d849e1
// 同步 ID: bdc663d9 @ Mon Jul 20 08:21:40 UTC 2026
// 重构日志: 385903d1
// 同步 ID: 68dfcb9a @ Mon Jul 20 15:21:25 UTC 2026
// 重构日志: 691271cd
// 重构日志: 30358f51
